<?xml version="1.0" encoding="UTF-8"?>
<!-- Generated by org.testng.reporters.JUnitXMLReporter -->
<testsuite ignored="0" hostname="LAPTOP-5DBSC07H" failures="1" tests="1" name="Test" time="10.237" errors="0" timestamp="2022-08-26T19:21:10 IST">
  <testcase classname="com.qa.capturescreenshots.TestMethods" name="googleTest" time="7.376">
    <failure type="java.lang.AssertionError" message="expected [Selenium Java - Google Searche] but found [Selenium Java - Google Search]">
      <![CDATA[java.lang.AssertionError: expected [Selenium Java - Google Searche] but found [Selenium Java - Google Search]
at com.qa.capturescreenshots.TestMethods.googleTest(TestMethods.java:17)
at java.base/java.util.ArrayList.forEach(ArrayList.java:1511)
... Removed 31 stack frames]]>
    </failure>
  </testcase> <!-- googleTest -->
</testsuite> <!-- Test -->
